0c6096a9-1d17-4731-a14d-8121ddf60a61 bpinsard@nc30409.narval.calcul.quebec:/localscratch/bpinsard.2757860.0/fmriprep_studyhcptrt_sub02_ses004.job timestamp=1644937014.120962015s
17a85b46-507d-44da-9e09-5001b8df7307 bpinsard@nc10405.narval.calcul.quebec:/localscratch/bpinsard.2618347.0/fmriprep_studyhcptrt_sub01_ses002.job timestamp=1644603748.772540309s
23ebc98f-2636-4513-8a65-64aac33307bc bpinsard@nc10310.narval.calcul.quebec:/localscratch/bpinsard.2883294.0/fmriprep_studyhcptrt_sub01_ses007.job timestamp=1645125963.653016017s
3222e827-b3ca-4f56-98c4-9515525264c4 bpinsard@nc20507.narval.calcul.quebec:/localscratch/bpinsard.2879617.0/fmriprep_studyhcptrt_sub01_ses004.job timestamp=1645122882.278508155s
381fc87d-0888-4ad3-b04f-5e2a846aa13e ria-beluga-storage timestamp=1643135187.836706247s
38c031b9-1443-4e37-b7ba-c1e4b71a8d93 ria-sequoia-storage timestamp=1645044981.963167786s
3c978a03-665c-4b2c-864d-b13c4257942f bpinsard@nc10251.narval.calcul.quebec:/localscratch/bpinsard.2757867.0/fmriprep_studyhcptrt_sub03_ses001.job timestamp=1644944377.975810047s
46d604e1-8813-4369-a462-2db4090f8c45 bpinsard@nc20609.narval.calcul.quebec:/localscratch/bpinsard.2757862.0/fmriprep_studyhcptrt_sub02_ses006.job timestamp=1644938641.136278599s
4bab40c7-1d01-443a-9ff1-ee0734572b42 bpinsard@nc30429.narval.calcul.quebec:/localscratch/bpinsard.2757861.0/fmriprep_studyhcptrt_sub02_ses005.job timestamp=1644940294.985594515s
4ecbbbd4-7496-4445-a1a2-4091cc37987a bpinsard@nc20201.narval.calcul.quebec:/localscratch/bpinsard.2886721.0/fmriprep_studyhcptrt_sub02_ses010.job timestamp=1645131392.852698012s
50024916-fdc2-4c81-8422-20787f236c8f bpinsard@nc20653.narval.calcul.quebec:/localscratch/bpinsard.2925607.0/fmriprep_studyhcptrt_sub06_ses001.job timestamp=1645208084.87896062s
6437e886-c64c-4b78-9f15-cdea6d3f36d5 bpinsard@nc10252.narval.calcul.quebec:/localscratch/bpinsard.2757858.0/fmriprep_studyhcptrt_sub02_ses002.job timestamp=1644936191.215697489s
6d181484-eb32-4789-bbab-9097c24db7a3 bpinsard@nc20615.narval.calcul.quebec:/localscratch/bpinsard.2757863.0/fmriprep_studyhcptrt_sub02_ses007.job timestamp=1644943559.474097909s
721b3996-bd3b-430d-bd19-567020af4192 bpinsard@nc20236.narval.calcul.quebec:/localscratch/bpinsard.2886744.0/fmriprep_studyhcptrt_sub03_ses007.job timestamp=1645130839.199918088s
7ecef587-2224-4bd9-b4fe-7c6dabba6036 bpinsard@nc30429.narval.calcul.quebec:/localscratch/bpinsard.2064777.0/fmriprep_studyhcptrt_sub01_ses001.job timestamp=1643303606.890183273s
86f9273f-86e0-4cc9-a1d5-5abbda8b3a69 bpinsard@nc20231.narval.calcul.quebec:/localscratch/bpinsard.2886740.0/fmriprep_studyhcptrt_sub03_ses006.job timestamp=1645131116.887258178s
8e36e6ad-f141-4687-b4c4-3e8aaadd35ae bpinsard@nc20424.narval.calcul.quebec:/localscratch/bpinsard.2879614.0/fmriprep_studyhcptrt_sub01_ses003.job timestamp=1645123172.347508268s
9435092b-1934-4bf3-a121-1e8cee9d56ba bpinsard@beluga1.int.ets1.calculquebec.ca:/lustre03/project/6003287/datasets/cneuromod_processed/fmriprep/hcptrt timestamp=1624460333.451132s
9560a385-a97c-43de-88b0-8c0e717abdca bpinsard@nc20228.narval.calcul.quebec:/localscratch/bpinsard.2883298.0/fmriprep_studyhcptrt_sub01_ses009.job timestamp=1645126540.043584516s
99a64539-32c5-4b7e-bd50-9eda34bf949f bpinsard@nc30618.narval.calcul.quebec:/localscratch/bpinsard.2886753.0/fmriprep_studyhcptrt_sub03_ses009.job timestamp=1645130556.626241036s
9aa96b38-00f0-4450-973a-aeaa23a5264e bpinsard@nc20620.narval.calcul.quebec:/localscratch/bpinsard.2757864.0/fmriprep_studyhcptrt_sub02_ses008.job timestamp=1644942737.210067528s
a1505004-b354-4770-9e28-adc608c0a8d5 bpinsard@nc20226.narval.calcul.quebec:/localscratch/bpinsard.2886739.0/fmriprep_studyhcptrt_sub03_ses004.job timestamp=1645132237.611150149s
addcbf99-4e04-4c29-a161-fbea11a0be52 bpinsard@nc20220.narval.calcul.quebec:/localscratch/bpinsard.2883296.0/fmriprep_studyhcptrt_sub01_ses008.job timestamp=1645126248.715383855s
c47da4ef-cc12-4d24-b809-915ece6b0f7e bpinsard@nc20220.narval.calcul.quebec:/localscratch/bpinsard.2886722.0/fmriprep_studyhcptrt_sub03_ses002.job timestamp=1645130268.445688057s
c8d96efb-e4ac-4384-accc-7f1c546cb287 bpinsard@nc20105.narval.calcul.quebec:/localscratch/bpinsard.2886719.0/fmriprep_studyhcptrt_sub02_ses001.job timestamp=1645131672.612173366s
cae8cf88-4347-4c49-910b-cfd6b4135235 bpinsard@nc20413.narval.calcul.quebec:/localscratch/bpinsard.2883302.0/fmriprep_studyhcptrt_sub01_ses010.job timestamp=1645126840.871749346s
ce99f52c-1994-40df-8cc0-5066122d0740 bpinsard@nc10205.narval.calcul.quebec:/localscratch/bpinsard.2881471.0/fmriprep_studyhcptrt_sub01_ses006.job timestamp=1645124905.025394363s
cf715e17-3845-4026-b142-5d57134f5c50 bpinsard@nc30428.narval.calcul.quebec:/localscratch/bpinsard.2757872.0/fmriprep_studyhcptrt_sub03_ses005.job timestamp=1644945191.718590577s
df58cc2a-8d9d-434d-9769-2ba364cc7259 bpinsard@nc10256.narval.calcul.quebec:/localscratch/bpinsard.2757859.0/fmriprep_studyhcptrt_sub02_ses003.job timestamp=1644939472.737009616s
e503906a-621e-484e-9cad-e3683e9492fe bpinsard@nc30608.narval.calcul.quebec:/localscratch/bpinsard.2886751.0/fmriprep_studyhcptrt_sub03_ses008.job timestamp=1645131957.868927939s
e52aac0a-b840-434d-b263-589c39cbccb2 bpinsard@nc10246.narval.calcul.quebec:/localscratch/bpinsard.2886755.0/fmriprep_studyhcptrt_sub03_ses010.job timestamp=1645132518.444308807s
f3ba2983-ba82-4524-a601-a9dea0ba8c62 bpinsard@nc10304.narval.calcul.quebec:/localscratch/bpinsard.2757865.0/fmriprep_studyhcptrt_sub02_ses009.job timestamp=1644941127.2559061s
f4a5f3f7-3b30-4b06-ba2f-4fb1a9331465 ria-narval-storage timestamp=1639078878.244493836s
f90e6af3-ccc8-4896-9da2-3490cc59cff5 bpinsard@nc20220.narval.calcul.quebec:/localscratch/bpinsard.2886738.0/fmriprep_studyhcptrt_sub03_ses003.job timestamp=1645129995.691374146s
